Determining if the pthread_create exist failed with the following output:
Change Dir: /home/mahmood/CSC418/3D_music/build-release/CMakeFiles/CMakeTmp

Run Build Command:"/usr/bin/make" "cmTC_8e3c1/fast"
/usr/bin/make -f CMakeFiles/cmTC_8e3c1.dir/build.make CMakeFiles/cmTC_8e3c1.dir/build
make[1]: Entering directory '/home/mahmood/CSC418/3D_music/build-release/CMakeFiles/CMakeTmp'
Building C object CMakeFiles/cmTC_8e3c1.dir/CheckSymbolExists.c.o
/usr/bin/cc     -o CMakeFiles/cmTC_8e3c1.dir/CheckSymbolExists.c.o   -c /home/mahmood/CSC418/3D_music/build-release/CMakeFiles/CMakeTmp/CheckSymbolExists.c
Linking C executable cmTC_8e3c1
/usr/bin/cmake -E cmake_link_script CMakeFiles/cmTC_8e3c1.dir/link.txt --verbose=1
/usr/bin/cc       CMakeFiles/cmTC_8e3c1.dir/CheckSymbolExists.c.o  -o cmTC_8e3c1 -rdynamic 
CMakeFiles/cmTC_8e3c1.dir/CheckSymbolExists.c.o: In function `main':
CheckSymbolExists.c:(.text+0x16): undefined reference to `pthread_create'
collect2: error: ld returned 1 exit status
CMakeFiles/cmTC_8e3c1.dir/build.make:97: recipe for target 'cmTC_8e3c1' failed
make[1]: *** [cmTC_8e3c1] Error 1
make[1]: Leaving directory '/home/mahmood/CSC418/3D_music/build-release/CMakeFiles/CMakeTmp'
Makefile:126: recipe for target 'cmTC_8e3c1/fast' failed
make: *** [cmTC_8e3c1/fast] Error 2

File /home/mahmood/CSC418/3D_music/build-release/CMakeFiles/CMakeTmp/CheckSymbolExists.c:
/* */
#include <pthread.h>

int main(int argc, char** argv)
{
  (void)argv;
#ifndef pthread_create
  return ((int*)(&pthread_create))[argc];
#else
  (void)argc;
  return 0;
#endif
}

Determining if the function pthread_create exists in the pthreads failed with the following output:
Change Dir: /home/mahmood/CSC418/3D_music/build-release/CMakeFiles/CMakeTmp

Run Build Command:"/usr/bin/make" "cmTC_2c1c8/fast"
/usr/bin/make -f CMakeFiles/cmTC_2c1c8.dir/build.make CMakeFiles/cmTC_2c1c8.dir/build
make[1]: Entering directory '/home/mahmood/CSC418/3D_music/build-release/CMakeFiles/CMakeTmp'
Building C object CMakeFiles/cmTC_2c1c8.dir/CheckFunctionExists.c.o
/usr/bin/cc    -DCHECK_FUNCTION_EXISTS=pthread_create   -o CMakeFiles/cmTC_2c1c8.dir/CheckFunctionExists.c.o   -c /usr/share/cmake-3.5/Modules/CheckFunctionExists.c
Linking C executable cmTC_2c1c8
/usr/bin/cmake -E cmake_link_script CMakeFiles/cmTC_2c1c8.dir/link.txt --verbose=1
/usr/bin/cc   -DCHECK_FUNCTION_EXISTS=pthread_create    CMakeFiles/cmTC_2c1c8.dir/CheckFunctionExists.c.o  -o cmTC_2c1c8 -rdynamic -lpthreads 
/usr/bin/ld: cannot find -lpthreads
collect2: error: ld returned 1 exit status
CMakeFiles/cmTC_2c1c8.dir/build.make:97: recipe for target 'cmTC_2c1c8' failed
make[1]: *** [cmTC_2c1c8] Error 1
make[1]: Leaving directory '/home/mahmood/CSC418/3D_music/build-release/CMakeFiles/CMakeTmp'
Makefile:126: recipe for target 'cmTC_2c1c8/fast' failed
make: *** [cmTC_2c1c8/fast] Error 2


